2025-04-13 11:07:10,322 masks.py get_mask_account INFO: Успешная маскировка номера карты: 1230 8520 9632 7412
2025-04-13 11:07:19,170 masks.py get_mask_account INFO: Успешная маскировка номера карты: 1230 8520 9632 75412
2025-04-13 11:07:23,498 masks.py get_mask_account INFO: Успешная маскировка номера карты: 1230 8520 9632 7565636412
2025-04-13 11:07:31,645 masks.py get_mask_account INFO: Успешная маскировка номера карты: 1230 8520 9632 7565635636412
2025-04-13 11:07:47,073 masks.py get_mask_account ERROR: 55
Traceback (most recent call last):
  File "C:\Users\AGMan\Documents\Python_homework_1\src\masks.py", line 47, in get_mask_account
    raise ValueError("Короткий номер")
ValueError: Короткий номер
2025-04-13 11:08:15,063 masks.py get_mask_account INFO: Успешная маскировка номера карты: 5522
2025-04-13 11:09:43,440 masks.py get_mask_account INFO: Успешная маскировка номера карты: 5522
2025-04-13 11:10:20,966 masks.py get_mask_account ERROR: sfvf
Traceback (most recent call last):
  File "C:\Users\AGMan\Documents\Python_homework_1\src\masks.py", line 45, in get_mask_account
    raise ValueError("Введите числовое значение")
ValueError: Введите числовое значение
2025-04-13 11:10:58,316 utils.py read_file INFO: Успешное чтение JSON: C:\Users\AGMan\Documents\Python_homework_1\src\../data/operations.json

проба


2025-04-15 09:15:43,290 masks.py get_mask_card_number ERROR: Введите числовое значение
Traceback (most recent call last):
  File "C:\Users\AGMan\Documents\Python_homework_1\src\masks.py", line 19, in get_mask_card_number
    raise ValueError("Введите числовое значение")
ValueError: Введите числовое значение
2025-04-19 00:25:57,138 utils.py read_file INFO: Успешное чтение JSON: C:\Users\AGMan\Documents\Python_homework_1\src\../data/operations.json
2025-04-19 00:29:02,177 utils.py read_file INFO: Успешное чтение JSON: C:\Users\AGMan\Documents\Python_homework_1\src\../data/operations.json
2025-04-19 00:29:30,781 utils.py read_file INFO: Успешное чтение JSON: C:\Users\AGMan\Documents\Python_homework_1\src\../data/operations.json
2025-04-19 00:29:51,392 utils.py read_file INFO: Успешное чтение JSON: C:\Users\AGMan\Documents\Python_homework_1\src\../data/operations.json
2025-04-19 00:30:40,632 utils.py read_file INFO: Успешное чтение JSON: C:\Users\AGMan\Documents\Python_homework_1\src\../data/operations.json
2025-04-19 00:39:21,016 utils.py read_file INFO: Успешное чтение JSON: C:\Users\AGMan\Documents\Python_homework_1\src\../data/operations.json
2025-04-19 00:40:17,470 utils.py read_file INFO: Успешное чтение JSON: C:\Users\AGMan\Documents\Python_homework_1\src\../data/operations.json
2025-04-19 00:41:10,478 utils.py read_file INFO: Успешное чтение JSON: C:\Users\AGMan\Documents\Python_homework_1\src\../data/operations.json
2025-04-19 00:42:49,287 utils.py read_file INFO: Успешное чтение JSON: C:\Users\AGMan\Documents\Python_homework_1\src\../data/operations.json
2025-04-19 00:43:45,133 utils.py read_file INFO: Успешное чтение JSON: C:\Users\AGMan\Documents\Python_homework_1\src\../data/operations.json
2025-04-19 00:44:03,336 utils.py read_file INFO: Успешное чтение JSON: C:\Users\AGMan\Documents\Python_homework_1\src\../data/operations.json
2025-04-19 00:55:38,116 utils.py read_file INFO: Успешное чтение JSON: C:\Users\AGMan\Documents\Python_homework_1\./data/operations.json
2025-04-19 00:56:50,853 utils.py read_file INFO: Успешное чтение JSON: C:\Users\AGMan\Documents\Python_homework_1\./data/operations.json
2025-04-19 00:57:58,665 utils.py read_file INFO: Успешное чтение JSON: C:\Users\AGMan\Documents\Python_homework_1\./data/operations.json
2025-04-19 01:35:42,437 utils.py read_file INFO: Успешное чтение JSON: C:\Users\AGMan\Documents\Python_homework_1\./data/operations.json
2025-04-19 22:48:48,999 utils.py read_file INFO: Успешное чтение JSON: C:\Users\AGMan\Documents\Python_homework_1\./data/operations.json
2025-04-20 00:02:01,073 utils.py read_file INFO: Успешное чтение JSON: C:\Users\AGMan\Documents\Python_homework_1\./data/operations.json
2025-04-20 01:38:56,254 masks.py get_mask_card_number INFO: Успешная маскировка номера карты: 1230 85** **** 7412
2025-04-20 01:38:56,254 masks.py get_mask_account ERROR: sfvf
Traceback (most recent call last):
  File "C:\Users\AGMan\Documents\Python_homework_1\src\masks.py", line 50, in get_mask_account
    raise ValueError("Введите числовое значение")
ValueError: Введите числовое значение
2025-04-20 01:39:36,182 masks.py get_mask_card_number ERROR: Введите числовое значение
Traceback (most recent call last):
  File "C:\Users\AGMan\Documents\Python_homework_1\src\masks.py", line 24, in get_mask_card_number
    raise ValueError("Введите числовое значение")
ValueError: Введите числовое значение
2025-04-20 01:44:23,746 masks.py get_mask_account INFO: Успешная маскировка номера карты: Discover 0329774489991288
2025-04-20 01:44:23,746 masks.py get_mask_account INFO: Успешная маскировка номера карты: Mastercard 3182665825206884
2025-04-20 01:44:23,746 masks.py get_mask_account INFO: Успешная маскировка номера карты: American Express 6950002720800411
2025-04-20 01:44:23,747 masks.py get_mask_account INFO: Успешная маскировка номера карты: Счет 67457374082601064845
2025-04-20 01:44:23,747 masks.py get_mask_account INFO: Успешная маскировка номера карты: Счет 95605694496875862934
2025-04-20 01:44:23,747 masks.py get_mask_account INFO: Успешная маскировка номера карты: Visa 6335859532296628
2025-04-20 01:44:23,747 masks.py get_mask_account INFO: Успешная маскировка номера карты: American Express 1368443024115273
2025-04-20 01:44:23,747 masks.py get_mask_account INFO: Успешная маскировка номера карты: Visa 5653663363322651
2025-04-20 01:44:23,747 masks.py get_mask_account INFO: Успешная маскировка номера карты: American Express 8400869379923599
2025-04-20 01:44:23,747 masks.py get_mask_account INFO: Успешная маскировка номера карты: Mastercard 7974416741612242
2025-04-20 01:44:23,747 masks.py get_mask_account INFO: Успешная маскировка номера карты: American Express 4201111974501655
2025-04-20 01:44:23,748 masks.py get_mask_account INFO: Успешная маскировка номера карты: Visa 6133882980108564
2025-04-20 01:44:23,748 masks.py get_mask_account INFO: Успешная маскировка номера карты: Счет 57967135740972430525
2025-04-20 01:44:23,748 masks.py get_mask_account INFO: Успешная маскировка номера карты: Visa 1486898442392527
2025-04-20 01:44:23,748 masks.py get_mask_account INFO: Успешная маскировка номера карты: Счет 71814990641193663905
2025-04-20 01:44:23,748 masks.py get_mask_account INFO: Успешная маскировка номера карты: Счет 81698090448201122541
2025-04-20 01:44:23,748 masks.py get_mask_account INFO: Успешная маскировка номера карты: Счет 44603300489524463522
2025-04-20 01:44:23,748 masks.py get_mask_account INFO: Успешная маскировка номера карты: Discover 4659403386698758
2025-04-20 01:44:23,748 masks.py get_mask_account INFO: Успешная маскировка номера карты: Счет 91507178049597221508
2025-04-20 01:44:23,748 masks.py get_mask_account INFO: Успешная маскировка номера карты: Discover 3942175254816690
2025-04-20 01:44:23,748 masks.py get_mask_account INFO: Успешная маскировка номера карты: Счет 37876144219366357273
2025-04-20 01:44:23,748 masks.py get_mask_account INFO: Успешная маскировка номера карты: Счет 60148056083328746527
2025-04-20 01:44:23,748 masks.py get_mask_account INFO: Успешная маскировка номера карты: Visa 7539829899017635
2025-04-20 01:44:23,749 masks.py get_mask_account INFO: Успешная маскировка номера карты: Discover 8189486607683162
2025-04-20 01:44:23,749 masks.py get_mask_account INFO: Успешная маскировка номера карты: Счет 61127622361324528517
2025-04-20 01:44:23,749 masks.py get_mask_account INFO: Успешная маскировка номера карты: Visa 8862361645542151
2025-04-20 01:44:23,749 masks.py get_mask_account INFO: Успешная маскировка номера карты: Счет 41878599375303475996
2025-04-20 01:44:23,749 masks.py get_mask_account INFO: Успешная маскировка номера карты: Discover 8602781449570491
2025-04-20 01:44:23,749 masks.py get_mask_account INFO: Успешная маскировка номера карты: Discover 4035896941119221
2025-04-20 01:44:23,749 masks.py get_mask_account INFO: Успешная маскировка номера карты: Счет 94107008805088717279
2025-04-20 01:44:23,749 masks.py get_mask_account INFO: Успешная маскировка номера карты: Счет 70453658863403233739
2025-04-20 01:44:23,749 masks.py get_mask_account INFO: Успешная маскировка номера карты: Discover 9331952063031046
2025-04-20 01:44:23,749 masks.py get_mask_account INFO: Успешная маскировка номера карты: Mastercard 5442625865778510
2025-04-20 01:44:23,749 masks.py get_mask_account INFO: Успешная маскировка номера карты: Счет 58936710508356884628
2025-04-20 02:16:41,958 masks.py get_mask_card_number ERROR: Введите числовое значение
Traceback (most recent call last):
  File "C:\Users\AGMan\Documents\Python_homework_1\src\masks.py", line 24, in get_mask_card_number
    raise ValueError("Введите числовое значение")
ValueError: Введите числовое значение
2025-04-20 02:23:04,437 masks.py get_mask_account INFO: Успешная маскировка номера карты: Discover 0329774489991288
2025-04-20 02:23:04,438 masks.py get_mask_account INFO: Успешная маскировка номера карты: Mastercard 3182665825206884
2025-04-20 02:23:04,438 masks.py get_mask_account INFO: Успешная маскировка номера карты: American Express 6950002720800411
2025-04-20 02:23:04,438 masks.py get_mask_account INFO: Успешная маскировка номера карты: Счет 67457374082601064845
2025-04-20 02:23:04,438 masks.py get_mask_account INFO: Успешная маскировка номера карты: Счет 95605694496875862934
2025-04-20 02:23:04,438 masks.py get_mask_account INFO: Успешная маскировка номера карты: Visa 6335859532296628
2025-04-20 02:23:04,438 masks.py get_mask_account INFO: Успешная маскировка номера карты: American Express 1368443024115273
2025-04-20 02:23:04,438 masks.py get_mask_account INFO: Успешная маскировка номера карты: Visa 5653663363322651
2025-04-20 02:23:04,438 masks.py get_mask_account INFO: Успешная маскировка номера карты: American Express 8400869379923599
2025-04-20 02:23:04,438 masks.py get_mask_account INFO: Успешная маскировка номера карты: Mastercard 7974416741612242
2025-04-20 02:23:04,439 masks.py get_mask_account INFO: Успешная маскировка номера карты: American Express 4201111974501655
2025-04-20 02:23:04,439 masks.py get_mask_account INFO: Успешная маскировка номера карты: Visa 6133882980108564
2025-04-20 02:23:04,439 masks.py get_mask_account INFO: Успешная маскировка номера карты: Счет 57967135740972430525
2025-04-20 02:23:04,439 masks.py get_mask_account INFO: Успешная маскировка номера карты: Visa 1486898442392527
2025-04-20 02:23:04,439 masks.py get_mask_account INFO: Успешная маскировка номера карты: Счет 71814990641193663905
2025-04-20 02:23:04,439 masks.py get_mask_account INFO: Успешная маскировка номера карты: Счет 81698090448201122541
2025-04-20 02:23:04,439 masks.py get_mask_account INFO: Успешная маскировка номера карты: Счет 44603300489524463522
2025-04-20 02:23:04,439 masks.py get_mask_account INFO: Успешная маскировка номера карты: Discover 4659403386698758
2025-04-20 02:23:04,439 masks.py get_mask_account INFO: Успешная маскировка номера карты: Счет 91507178049597221508
2025-04-20 02:23:04,439 masks.py get_mask_account INFO: Успешная маскировка номера карты: Discover 3942175254816690
2025-04-20 02:23:04,439 masks.py get_mask_account INFO: Успешная маскировка номера карты: Счет 37876144219366357273
2025-04-20 02:23:04,439 masks.py get_mask_account INFO: Успешная маскировка номера карты: Счет 60148056083328746527
2025-04-20 02:23:04,439 masks.py get_mask_account INFO: Успешная маскировка номера карты: Visa 7539829899017635
2025-04-20 02:23:04,440 masks.py get_mask_account INFO: Успешная маскировка номера карты: Discover 8189486607683162
2025-04-20 02:23:04,440 masks.py get_mask_account INFO: Успешная маскировка номера карты: Счет 61127622361324528517
2025-04-20 02:23:04,440 masks.py get_mask_account INFO: Успешная маскировка номера карты: Visa 8862361645542151
2025-04-20 02:23:04,440 masks.py get_mask_account INFO: Успешная маскировка номера карты: Счет 41878599375303475996
2025-04-20 02:23:04,440 masks.py get_mask_account INFO: Успешная маскировка номера карты: Discover 8602781449570491
2025-04-20 02:23:04,440 masks.py get_mask_account INFO: Успешная маскировка номера карты: Discover 4035896941119221
2025-04-20 02:23:04,440 masks.py get_mask_account INFO: Успешная маскировка номера карты: Счет 94107008805088717279
2025-04-20 02:23:04,440 masks.py get_mask_account INFO: Успешная маскировка номера карты: Счет 70453658863403233739
2025-04-20 02:23:04,440 masks.py get_mask_account INFO: Успешная маскировка номера карты: Discover 9331952063031046
2025-04-20 02:23:04,440 masks.py get_mask_account INFO: Успешная маскировка номера карты: Mastercard 5442625865778510
2025-04-20 02:23:04,440 masks.py get_mask_account INFO: Успешная маскировка номера карты: Счет 58936710508356884628
2025-04-20 02:47:15,326 masks.py get_mask_account INFO: Успешная маскировка номера карты: Discover 0329774489991288
2025-04-20 02:47:15,326 masks.py get_mask_account INFO: Успешная маскировка номера карты: Mastercard 3182665825206884
2025-04-20 02:47:15,326 masks.py get_mask_account INFO: Успешная маскировка номера карты: American Express 6950002720800411
2025-04-20 02:47:15,326 masks.py get_mask_account INFO: Успешная маскировка номера карты: Счет 67457374082601064845
2025-04-20 02:47:15,326 masks.py get_mask_account INFO: Успешная маскировка номера карты: Счет 95605694496875862934
2025-04-20 02:47:15,327 masks.py get_mask_account INFO: Успешная маскировка номера карты: Visa 6335859532296628
2025-04-20 02:47:15,327 masks.py get_mask_account INFO: Успешная маскировка номера карты: American Express 1368443024115273
2025-04-20 02:47:15,327 masks.py get_mask_account INFO: Успешная маскировка номера карты: Visa 5653663363322651
2025-04-20 02:47:15,327 masks.py get_mask_account INFO: Успешная маскировка номера карты: American Express 8400869379923599
2025-04-20 02:47:15,327 masks.py get_mask_account INFO: Успешная маскировка номера карты: Mastercard 7974416741612242
2025-04-20 02:47:15,327 masks.py get_mask_account INFO: Успешная маскировка номера карты: American Express 4201111974501655
2025-04-20 02:47:15,327 masks.py get_mask_account INFO: Успешная маскировка номера карты: Visa 6133882980108564
2025-04-20 02:47:15,327 masks.py get_mask_account INFO: Успешная маскировка номера карты: Счет 57967135740972430525
2025-04-20 02:47:15,327 masks.py get_mask_account INFO: Успешная маскировка номера карты: Visa 1486898442392527
2025-04-20 02:47:15,327 masks.py get_mask_account INFO: Успешная маскировка номера карты: Счет 71814990641193663905
2025-04-20 02:47:15,327 masks.py get_mask_account INFO: Успешная маскировка номера карты: Счет 81698090448201122541
2025-04-20 02:47:15,327 masks.py get_mask_account INFO: Успешная маскировка номера карты: Счет 44603300489524463522
2025-04-20 02:47:15,327 masks.py get_mask_account INFO: Успешная маскировка номера карты: Discover 4659403386698758
2025-04-20 02:47:15,328 masks.py get_mask_account INFO: Успешная маскировка номера карты: Счет 91507178049597221508
2025-04-20 02:47:15,328 masks.py get_mask_account INFO: Успешная маскировка номера карты: Discover 3942175254816690
2025-04-20 02:47:15,328 masks.py get_mask_account INFO: Успешная маскировка номера карты: Счет 37876144219366357273
2025-04-20 02:47:15,328 masks.py get_mask_account INFO: Успешная маскировка номера карты: Счет 60148056083328746527
2025-04-20 02:47:15,328 masks.py get_mask_account INFO: Успешная маскировка номера карты: Visa 7539829899017635
2025-04-20 02:47:15,328 masks.py get_mask_account INFO: Успешная маскировка номера карты: Discover 8189486607683162
2025-04-20 02:47:15,328 masks.py get_mask_account INFO: Успешная маскировка номера карты: Счет 61127622361324528517
2025-04-20 02:47:15,328 masks.py get_mask_account INFO: Успешная маскировка номера карты: Visa 8862361645542151
2025-04-20 02:47:15,328 masks.py get_mask_account INFO: Успешная маскировка номера карты: Счет 41878599375303475996
2025-04-20 02:47:15,328 masks.py get_mask_account INFO: Успешная маскировка номера карты: Discover 8602781449570491
2025-04-20 02:47:15,328 masks.py get_mask_account INFO: Успешная маскировка номера карты: Discover 4035896941119221
2025-04-20 02:47:15,328 masks.py get_mask_account INFO: Успешная маскировка номера карты: Счет 94107008805088717279
2025-04-20 02:47:15,328 masks.py get_mask_account INFO: Успешная маскировка номера карты: Счет 70453658863403233739
2025-04-20 02:47:15,328 masks.py get_mask_account INFO: Успешная маскировка номера карты: Discover 9331952063031046
2025-04-20 02:47:15,329 masks.py get_mask_account INFO: Успешная маскировка номера карты: Mastercard 5442625865778510
2025-04-20 02:47:15,329 masks.py get_mask_account INFO: Успешная маскировка номера карты: Счет 58936710508356884628
